2022-07-09 22:57:34          0 Workflow is created
2022-07-09 22:57:34          0 step01 => Pending
2022-07-09 22:57:44          0 step01 => OK
2022-07-09 22:57:44          0 step02 => Pending
2022-07-09 22:57:44          0 step02 => OK
2022-07-09 22:57:44          0 step03 => Pending
2022-07-09 22:57:54          0 step03 => OK
2022-07-09 22:57:54          0 fail02 => Pending
2022-07-09 22:57:54          0 fail02 => Did not run
2022-07-09 22:57:54          0 Workflow is ended
2022-07-09 22:57:41          2 Workflow is created
2022-07-09 22:57:41          2 step01 => Pending
2022-07-09 22:57:51          2 step01 => OK
2022-07-09 22:57:51          2 step02 => Pending
2022-07-09 22:57:51          2 step02 => OK
2022-07-09 22:57:51          2 step03 => Pending
2022-07-09 22:58:01          2 step03 => OK
2022-07-09 22:58:01          2 fail02 => Pending
2022-07-09 22:58:01          2 fail02 => Did not run
2022-07-09 22:58:01          2 Workflow is ended
2022-07-09 22:57:37          1 Workflow is created
2022-07-09 22:57:37          1 step01 => Pending
2022-07-09 22:57:47          1 step01 => OK
2022-07-09 22:57:47          1 step02 => Pending
2022-07-09 22:57:47          1 step02 => OK
2022-07-09 22:57:47          1 step03 => Pending
2022-07-09 22:57:57          1 step03 => OK
2022-07-09 22:57:57          1 fail02 => Pending
2022-07-09 22:57:57          1 fail02 => Did not run
2022-07-09 22:57:57          1 Workflow is ended
